{
  service: 'electrode-server',
  error: 'Validation failed',
  stack: 'ValidationError: Validation failed\n' +
    '    at /app/middleware/validation.js:21:11',
  url: '/api/v1/electrode/readings?limit=1000',
  method: 'GET',
  ip: '::ffff:192.168.65.1',
  userAgent: 'Mozilla/5.0 (Macintosh; Intel Mac OS X 10_15_7) AppleWebKit/537.36 (KHTML, like Gecko) Chrome/141.0.0.0 Safari/537.36',
  level: 'error',
  message: 'Application error occurred',
  timestamp: '2025-11-15 19:02:31'
}
{
  service: 'electrode-server',
  error: 'Validation failed',
  stack: 'ValidationError: Validation failed\n' +
    '    at /app/middleware/validation.js:21:11',
  url: '/api/v1/electrode/readings?limit=1000',
  method: 'GET',
  ip: '::ffff:192.168.65.1',
  userAgent: 'Mozilla/5.0 (Macintosh; Intel Mac OS X 10_15_7) AppleWebKit/537.36 (KHTML, like Gecko) Chrome/141.0.0.0 Safari/537.36',
  level: 'error',
  message: 'Application error occurred',
  timestamp: '2025-11-15 19:03:24'
}
{
  service: 'electrode-server',
  error: 'Validation failed',
  stack: 'ValidationError: Validation failed\n' +
    '    at /app/middleware/validation.js:21:11',
  url: '/api/v1/electrode/readings?limit=1000',
  method: 'GET',
  ip: '::ffff:192.168.65.1',
  userAgent: 'Mozilla/5.0 (Macintosh; Intel Mac OS X 10_15_7) AppleWebKit/537.36 (KHTML, like Gecko) Chrome/141.0.0.0 Safari/537.36',
  level: 'error',
  message: 'Application error occurred',
  timestamp: '2025-11-15 19:06:29'
}
{
  service: 'electrode-server',
  error: 'Validation failed',
  stack: 'ValidationError: Validation failed\n' +
    '    at /app/middleware/validation.js:21:11',
  url: '/api/v1/electrode/readings?limit=1000',
  method: 'GET',
  ip: '::ffff:192.168.65.1',
  userAgent: 'Mozilla/5.0 (Macintosh; Intel Mac OS X 10_15_7) AppleWebKit/537.36 (KHTML, like Gecko) Chrome/141.0.0.0 Safari/537.36',
  level: 'error',
  message: 'Application error occurred',
  timestamp: '2025-11-15 19:06:55'
}
{
  service: 'electrode-server',
  error: 'Validation failed',
  stack: 'ValidationError: Validation failed\n' +
    '    at /app/middleware/validation.js:21:11',
  url: '/api/v1/electrode/readings?limit=1000',
  method: 'GET',
  ip: '::ffff:192.168.65.1',
  userAgent: 'Mozilla/5.0 (Macintosh; Intel Mac OS X 10_15_7) AppleWebKit/537.36 (KHTML, like Gecko) Chrome/141.0.0.0 Safari/537.36',
  level: 'error',
  message: 'Application error occurred',
  timestamp: '2025-11-15 19:07:52'
}
{
  service: 'electrode-server',
  error: 'Validation failed',
  stack: 'ValidationError: Validation failed\n' +
    '    at /app/middleware/validation.js:21:11',
  url: '/api/v1/electrode/readings?limit=1000',
  method: 'GET',
  ip: '::ffff:192.168.65.1',
  userAgent: 'Mozilla/5.0 (Macintosh; Intel Mac OS X 10_15_7) AppleWebKit/537.36 (KHTML, like Gecko) Chrome/141.0.0.0 Safari/537.36',
  level: 'error',
  message: 'Application error occurred',
  timestamp: '2025-11-15 19:24:17'
}
{
  service: 'electrode-server',
  error: 'Validation failed',
  stack: 'ValidationError: Validation failed\n' +
    '    at /app/middleware/validation.js:21:11',
  url: '/api/v1/electrode/readings?limit=1000',
  method: 'GET',
  ip: '::ffff:192.168.65.1',
  userAgent: 'Mozilla/5.0 (Macintosh; Intel Mac OS X 10_15_7) AppleWebKit/537.36 (KHTML, like Gecko) Chrome/141.0.0.0 Safari/537.36',
  level: 'error',
  message: 'Application error occurred',
  timestamp: '2025-11-15 19:39:38'
}
{
  service: 'electrode-server',
  error: 'Validation failed',
  stack: 'ValidationError: Validation failed\n' +
    '    at /app/middleware/validation.js:21:11',
  url: '/api/v1/electrode/readings?limit=1000',
  method: 'GET',
  ip: '::ffff:192.168.65.1',
  userAgent: 'Mozilla/5.0 (Macintosh; Intel Mac OS X 10_15_7) AppleWebKit/537.36 (KHTML, like Gecko) Chrome/141.0.0.0 Safari/537.36',
  level: 'error',
  message: 'Application error occurred',
  timestamp: '2025-11-15 19:54:53'
}
{
  service: 'electrode-server',
  error: 'Validation failed',
  stack: 'ValidationError: Validation failed\n' +
    '    at /app/middleware/validation.js:21:11',
  url: '/api/v1/electrode/readings?limit=1000',
  method: 'GET',
  ip: '::ffff:192.168.65.1',
  userAgent: 'Mozilla/5.0 (Macintosh; Intel Mac OS X 10_15_7) AppleWebKit/537.36 (KHTML, like Gecko) Chrome/141.0.0.0 Safari/537.36',
  level: 'error',
  message: 'Application error occurred',
  timestamp: '2025-11-15 20:23:35'
}
{
  service: 'electrode-server',
  error: 'Validation failed',
  stack: 'ValidationError: Validation failed\n' +
    '    at /app/middleware/validation.js:21:11',
  url: '/api/v1/electrode/readings?limit=1000',
  method: 'GET',
  ip: '::ffff:192.168.65.1',
  userAgent: 'Mozilla/5.0 (Macintosh; Intel Mac OS X 10_15_7) AppleWebKit/537.36 (KHTML, like Gecko) Chrome/141.0.0.0 Safari/537.36',
  level: 'error',
  message: 'Application error occurred',
  timestamp: '2025-11-15 20:31:44'
}
{
  service: 'electrode-server',
  error: 'Validation failed',
  stack: 'ValidationError: Validation failed\n' +
    '    at /app/middleware/validation.js:21:11',
  url: '/api/v1/electrode/readings?limit=1000',
  method: 'GET',
  ip: '::ffff:192.168.65.1',
  userAgent: 'Mozilla/5.0 (Macintosh; Intel Mac OS X 10_15_7) AppleWebKit/537.36 (KHTML, like Gecko) Chrome/141.0.0.0 Safari/537.36',
  level: 'error',
  message: 'Application error occurred',
  timestamp: '2025-11-15 20:54:24'
}
{
  service: 'electrode-server',
  error: 'Validation failed',
  stack: 'ValidationError: Validation failed\n' +
    '    at /app/middleware/validation.js:21:11',
  url: '/api/v1/electrode/readings?limit=1000',
  method: 'GET',
  ip: '::ffff:192.168.65.1',
  userAgent: 'Mozilla/5.0 (Macintosh; Intel Mac OS X 10_15_7) AppleWebKit/537.36 (KHTML, like Gecko) Chrome/141.0.0.0 Safari/537.36',
  level: 'error',
  message: 'Application error occurred',
  timestamp: '2025-11-15 20:54:43'
}
{
  service: 'electrode-server',
  error: 'Validation failed',
  stack: 'ValidationError: Validation failed\n' +
    '    at /app/middleware/validation.js:21:11',
  url: '/api/v1/electrode/readings?limit=1000',
  method: 'GET',
  ip: '::ffff:192.168.65.1',
  userAgent: 'Mozilla/5.0 (Macintosh; Intel Mac OS X 10_15_7) AppleWebKit/537.36 (KHTML, like Gecko) Chrome/141.0.0.0 Safari/537.36',
  level: 'error',
  message: 'Application error occurred',
  timestamp: '2025-11-15 21:04:32'
}
